The system is: Darwin - 19.3.0 - x86_64
Compiling the C compiler identification source file "CMakeCCompilerId.c" succeeded.
Compiler: /Library/Developer/CommandLineTools/usr/bin/cc 
Build flags: 
Id flags:  

The output was:
0


Compilation of the C compiler identification source "CMakeCCompilerId.c" produced "a.out"

The C compiler identification is AppleClang, found in "/Users/jiahuatang/CLionProjects/NetflixRepo2/cmake-build-debug/CMakeFiles/3.25.2/CompilerIdC/a.out"

Compiling the CXX compiler identification source file "CMakeCXXCompilerId.cpp" succeeded.
Compiler: /Library/Developer/CommandLineTools/usr/bin/c++ 
Build flags: 
Id flags:  

The output was:
0


Compilation of the CXX compiler identification source "CMakeCXXCompilerId.cpp" produced "a.out"

The CXX compiler identification is AppleClang, found in "/Users/jiahuatang/CLionProjects/NetflixRepo2/cmake-build-debug/CMakeFiles/3.25.2/CompilerIdCXX/a.out"

Detecting C compiler ABI info compiled with the following output:
Change Dir: /Users/jiahuatang/CLionProjects/NetflixRepo2/cmake-build-debug/CMakeFiles/CMakeScratch/TryCompile-pd24ZK

Run Build Command(s):/usr/bin/make -f Makefile cmTC_7a875/fast && /Library/Developer/CommandLineTools/usr/bin/make  -f CMakeFiles/cmTC_7a875.dir/build.make CMakeFiles/cmTC_7a875.dir/build
Building C object CMakeFiles/cmTC_7a875.dir/CMakeCCompilerABI.c.o
/Library/Developer/CommandLineTools/usr/bin/cc   -isysroot /Library/Developer/CommandLineTools/SDKs/MacOSX10.15.sdk -fcolor-diagnostics   -v -Wl,-v -MD -MT CMakeFiles/cmTC_7a875.dir/CMakeCCompilerABI.c.o -MF CMakeFiles/cmTC_7a875.dir/CMakeCCompilerABI.c.o.d -o CMakeFiles/cmTC_7a875.dir/CMakeCCompilerABI.c.o -c /private/var/folders/3_/9d5vfl4x34v6_ss_xb52knt40000gn/T/AppTranslocation/EDDA0A2C-250A-4A5D-9DCF-4244CEC15A7D/d/CLion.app/Contents/bin/cmake/mac/share/cmake-3.25/Modules/CMakeCCompilerABI.c
Apple clang version 11.0.0 (clang-1100.0.33.8)
Target: x86_64-apple-darwin19.3.0
Thread model: posix
InstalledDir: /Library/Developer/CommandLineTools/usr/bin
clang: [0;1;35mwarning: [0m-Wl,-v: 'linker' input unused [-Wunused-command-line-argument][0m
 "/Library/Developer/CommandLineTools/usr/bin/clang" -cc1 -triple x86_64-apple-macosx10.15.0 -Wdeprecated-objc-isa-usage -Werror=deprecated-objc-isa-usage -emit-obj -mrelax-all -disable-free -disable-llvm-verifier -discard-value-names -main-file-name CMakeCCompilerABI.c -mrelocation-model pic -pic-level 2 -mthread-model posix -mdisable-fp-elim -fno-strict-return -masm-verbose -munwind-tables -target-sdk-version=10.15 -target-cpu penryn -dwarf-column-info -debugger-tuning=lldb -ggnu-pubnames -target-linker-version 512.4 -v -coverage-notes-file /Users/jiahuatang/CLionProjects/NetflixRepo2/cmake-build-debug/CMakeFiles/CMakeScratch/TryCompile-pd24ZK/CMakeFiles/cmTC_7a875.dir/CMakeCCompilerABI.c.gcno -resource-dir /Library/Developer/CommandLineTools/usr/lib/clang/11.0.0 -dependency-file CMakeFiles/cmTC_7a875.dir/CMakeCCompilerABI.c.o.d -skip-unused-modulemap-deps -sys-header-deps -MT CMakeFiles/cmTC_7a875.dir/CMakeCCompilerABI.c.o -isysroot /Library/Developer/CommandLineTools/SDKs/MacOSX10.15.sdk -Wno-framework-include-private-from-public -Wno-atimport-in-framework-header -Wno-extra-semi-stmt -Wno-quoted-include-in-framework-header -fdebug-compilation-dir /Users/jiahuatang/CLionProjects/NetflixRepo2/cmake-build-debug/CMakeFiles/CMakeScratch/TryCompile-pd24ZK -ferror-limit 19 -fmessage-length 0 -stack-protector 1 -fstack-check -mdarwin-stkchk-strong-link -fblocks -fencode-extended-block-signature -fregister-global-dtors-with-atexit -fobjc-runtime=macosx-10.15.0 -fmax-type-align=16 -fdiagnostics-show-option -fcolor-diagnostics -o CMakeFiles/cmTC_7a875.dir/CMakeCCompilerABI.c.o -x c /private/var/folders/3_/9d5vfl4x34v6_ss_xb52knt40000gn/T/AppTranslocation/EDDA0A2C-250A-4A5D-9DCF-4244CEC15A7D/d/CLion.app/Contents/bin/cmake/mac/share/cmake-3.25/Modules/CMakeCCompilerABI.c
clang -cc1 version 11.0.0 (clang-1100.0.33.8) default target x86_64-apple-darwin19.3.0
ignoring nonexistent directory "/Library/Developer/CommandLineTools/SDKs/MacOSX10.15.sdk/usr/local/include"
ignoring nonexistent directory "/Library/Developer/CommandLineTools/SDKs/MacOSX10.15.sdk/Library/Frameworks"
#include "..." search starts here:
#include <...> search starts here:
 /Library/Developer/CommandLineTools/usr/lib/clang/11.0.0/include
 /Library/Developer/CommandLineTools/usr/include
 /Library/Developer/CommandLineTools/SDKs/MacOSX10.15.sdk/usr/include
 /Library/Developer/CommandLineTools/SDKs/MacOSX10.15.sdk/System/Library/Frameworks (framework directory)
End of search list.
Linking C executable cmTC_7a875
/private/var/folders/3_/9d5vfl4x34v6_ss_xb52knt40000gn/T/AppTranslocation/EDDA0A2C-250A-4A5D-9DCF-4244CEC15A7D/d/CLion.app/Contents/bin/cmake/mac/bin/cmake -E cmake_link_script CMakeFiles/cmTC_7a875.dir/link.txt --verbose=1
/Library/Developer/CommandLineTools/usr/bin/cc  -isysroot /Library/Developer/CommandLineTools/SDKs/MacOSX10.15.sdk -Wl,-search_paths_first -Wl,-headerpad_max_install_names  -v -Wl,-v CMakeFiles/cmTC_7a875.dir/CMakeCCompilerABI.c.o -o cmTC_7a875 
Apple clang version 11.0.0 (clang-1100.0.33.8)
Target: x86_64-apple-darwin19.3.0
Thread model: posix
InstalledDir: /Library/Developer/CommandLineTools/usr/bin
 "/Library/Developer/CommandLineTools/usr/bin/ld" -demangle -lto_library /Library/Developer/CommandLineTools/usr/lib/libLTO.dylib -dynamic -arch x86_64 -macosx_version_min 10.15.0 -syslibroot /Library/Developer/CommandLineTools/SDKs/MacOSX10.15.sdk -o cmTC_7a875 -search_paths_first -headerpad_max_install_names -v CMakeFiles/cmTC_7a875.dir/CMakeCCompilerABI.c.o -lSystem /Library/Developer/CommandLineTools/usr/lib/clang/11.0.0/lib/darwin/libclang_rt.osx.a
@(#)PROGRAM:ld  PROJECT:ld64-512.4
BUILD 05:06:53 Aug 16 2019
configured to support archs: armv6 armv7 armv7s arm64 arm64e arm64_32 i386 x86_64 x86_64h armv6m armv7k armv7m armv7em
Library search paths:
	/Library/Developer/CommandLineTools/SDKs/MacOSX10.15.sdk/usr/lib
Framework search paths:
	/Library/Developer/CommandLineTools/SDKs/MacOSX10.15.sdk/System/Library/Frameworks/



Parsed C implicit include dir info from above output: rv=loading
  found start of include info
  warn: unable to parse implicit include dirs!


Parsed C implicit link information from above output:
  link line regex: [^( *|.*[/\])(ld|CMAKE_LINK_STARTFILE-NOTFOUND|([^/\]+-)?ld|collect2)[^/\]*( |$)]
  ignore line: [Change Dir: /Users/jiahuatang/CLionProjects/NetflixRepo2/cmake-build-debug/CMakeFiles/CMakeScratch/TryCompile-pd24ZK]
  ignore line: []
  ignore line: [Run Build Command(s):/usr/bin/make -f Makefile cmTC_7a875/fast && /Library/Developer/CommandLineTools/usr/bin/make  -f CMakeFiles/cmTC_7a875.dir/build.make CMakeFiles/cmTC_7a875.dir/build]
  ignore line: [Building C object CMakeFiles/cmTC_7a875.dir/CMakeCCompilerABI.c.o]
  ignore line: [/Library/Developer/CommandLineTools/usr/bin/cc   -isysroot /Library/Developer/CommandLineTools/SDKs/MacOSX10.15.sdk -fcolor-diagnostics   -v -Wl -v -MD -MT CMakeFiles/cmTC_7a875.dir/CMakeCCompilerABI.c.o -MF CMakeFiles/cmTC_7a875.dir/CMakeCCompilerABI.c.o.d -o CMakeFiles/cmTC_7a875.dir/CMakeCCompilerABI.c.o -c /private/var/folders/3_/9d5vfl4x34v6_ss_xb52knt40000gn/T/AppTranslocation/EDDA0A2C-250A-4A5D-9DCF-4244CEC15A7D/d/CLion.app/Contents/bin/cmake/mac/share/cmake-3.25/Modules/CMakeCCompilerABI.c]
  ignore line: [Apple clang version 11.0.0 (clang-1100.0.33.8)]
  ignore line: [Target: x86_64-apple-darwin19.3.0]
  ignore line: [Thread model: posix]
  ignore line: [InstalledDir: /Library/Developer/CommandLineTools/usr/bin]
  ignore line: [clang: [0;1;35mwarning: [0m-Wl,-v: 'linker' input unused [-Wunused-command-line-argument][0m; "/Library/Developer/CommandLineTools/usr/bin/clang" -cc1 -triple x86_64-apple-macosx10.15.0 -Wdeprecated-objc-isa-usage -Werror=deprecated-objc-isa-usage -emit-obj -mrelax-all -disable-free -disable-llvm-verifier -discard-value-names -main-file-name CMakeCCompilerABI.c -mrelocation-model pic -pic-level 2 -mthread-model posix -mdisable-fp-elim -fno-strict-return -masm-verbose -munwind-tables -target-sdk-version=10.15 -target-cpu penryn -dwarf-column-info -debugger-tuning=lldb -ggnu-pubnames -target-linker-version 512.4 -v -coverage-notes-file /Users/jiahuatang/CLionProjects/NetflixRepo2/cmake-build-debug/CMakeFiles/CMakeScratch/TryCompile-pd24ZK/CMakeFiles/cmTC_7a875.dir/CMakeCCompilerABI.c.gcno -resource-dir /Library/Developer/CommandLineTools/usr/lib/clang/11.0.0 -dependency-file CMakeFiles/cmTC_7a875.dir/CMakeCCompilerABI.c.o.d -skip-unused-modulemap-deps -sys-header-deps -MT CMakeFiles/cmTC_7a875.dir/CMakeCCompilerABI.c.o -isysroot /Library/Developer/CommandLineTools/SDKs/MacOSX10.15.sdk -Wno-framework-include-private-from-public -Wno-atimport-in-framework-header -Wno-extra-semi-stmt -Wno-quoted-include-in-framework-header -fdebug-compilation-dir /Users/jiahuatang/CLionProjects/NetflixRepo2/cmake-build-debug/CMakeFiles/CMakeScratch/TryCompile-pd24ZK -ferror-limit 19 -fmessage-length 0 -stack-protector 1 -fstack-check -mdarwin-stkchk-strong-link -fblocks -fencode-extended-block-signature -fregister-global-dtors-with-atexit -fobjc-runtime=macosx-10.15.0 -fmax-type-align=16 -fdiagnostics-show-option -fcolor-diagnostics -o CMakeFiles/cmTC_7a875.dir/CMakeCCompilerABI.c.o -x c /private/var/folders/3_/9d5vfl4x34v6_ss_xb52knt40000gn/T/AppTranslocation/EDDA0A2C-250A-4A5D-9DCF-4244CEC15A7D/d/CLion.app/Contents/bin/cmake/mac/share/cmake-3.25/Modules/CMakeCCompilerABI.c;clang -cc1 version 11.0.0 (clang-1100.0.33.8) default target x86_64-apple-darwin19.3.0;ignoring nonexistent directory "/Library/Developer/CommandLineTools/SDKs/MacOSX10.15.sdk/usr/local/include";ignoring nonexistent directory "/Library/Developer/CommandLineTools/SDKs/MacOSX10.15.sdk/Library/Frameworks";#include "..." search starts here:;#include <...> search starts here:; /Library/Developer/CommandLineTools/usr/lib/clang/11.0.0/include; /Library/Developer/CommandLineTools/usr/include; /Library/Developer/CommandLineTools/SDKs/MacOSX10.15.sdk/usr/include; /Library/Developer/CommandLineTools/SDKs/MacOSX10.15.sdk/System/Library/Frameworks (framework directory);End of search list.;Linking C executable cmTC_7a875;/private/var/folders/3_/9d5vfl4x34v6_ss_xb52knt40000gn/T/AppTranslocation/EDDA0A2C-250A-4A5D-9DCF-4244CEC15A7D/d/CLion.app/Contents/bin/cmake/mac/bin/cmake -E cmake_link_script CMakeFiles/cmTC_7a875.dir/link.txt --verbose=1;/Library/Developer/CommandLineTools/usr/bin/cc  -isysroot /Library/Developer/CommandLineTools/SDKs/MacOSX10.15.sdk -Wl,-search_paths_first -Wl,-headerpad_max_install_names  -v -Wl,-v CMakeFiles/cmTC_7a875.dir/CMakeCCompilerABI.c.o -o cmTC_7a875 ;Apple clang version 11.0.0 (clang-1100.0.33.8);Target: x86_64-apple-darwin19.3.0;Thread model: posix;InstalledDir: /Library/Developer/CommandLineTools/usr/bin; "/Library/Developer/CommandLineTools/usr/bin/ld" -demangle -lto_library /Library/Developer/CommandLineTools/usr/lib/libLTO.dylib -dynamic -arch x86_64 -macosx_version_min 10.15.0 -syslibroot /Library/Developer/CommandLineTools/SDKs/MacOSX10.15.sdk -o cmTC_7a875 -search_paths_first -headerpad_max_install_names -v CMakeFiles/cmTC_7a875.dir/CMakeCCompilerABI.c.o -lSystem /Library/Developer/CommandLineTools/usr/lib/clang/11.0.0/lib/darwin/libclang_rt.osx.a;@(#)PROGRAM:ld  PROJECT:ld64-512.4;BUILD 05:06:53 Aug 16 2019;configured to support archs: armv6 armv7 armv7s arm64 arm64e arm64_32 i386 x86_64 x86_64h armv6m armv7k armv7m armv7em;Library search paths:;	/Library/Developer/CommandLineTools/SDKs/MacOSX10.15.sdk/usr/lib;Framework search paths:;	/Library/Developer/CommandLineTools/SDKs/MacOSX10.15.sdk/System/Library/Frameworks/;;]
  Library search paths: [;/Library/Developer/CommandLineTools/SDKs/MacOSX10.15.sdk/usr/lib]
  Framework search paths: [;/Library/Developer/CommandLineTools/SDKs/MacOSX10.15.sdk/System/Library/Frameworks/]
  collapse library dir [/Library/Developer/CommandLineTools/SDKs/MacOSX10.15.sdk/usr/lib] ==> [/Library/Developer/CommandLineTools/SDKs/MacOSX10.15.sdk/usr/lib]
  collapse framework dir [/Library/Developer/CommandLineTools/SDKs/MacOSX10.15.sdk/System/Library/Frameworks/] ==> [/Library/Developer/CommandLineTools/SDKs/MacOSX10.15.sdk/System/Library/Frameworks]
  implicit libs: []
  implicit objs: []
  implicit dirs: [/Library/Developer/CommandLineTools/SDKs/MacOSX10.15.sdk/usr/lib]
  implicit fwks: [/Library/Developer/CommandLineTools/SDKs/MacOSX10.15.sdk/System/Library/Frameworks]


Detecting CXX compiler ABI info compiled with the following output:
Change Dir: /Users/jiahuatang/CLionProjects/NetflixRepo2/cmake-build-debug/CMakeFiles/CMakeScratch/TryCompile-PZ2LuX

Run Build Command(s):/usr/bin/make -f Makefile cmTC_bade9/fast && /Library/Developer/CommandLineTools/usr/bin/make  -f CMakeFiles/cmTC_bade9.dir/build.make CMakeFiles/cmTC_bade9.dir/build
Building CXX object CMakeFiles/cmTC_bade9.dir/CMakeCXXCompilerABI.cpp.o
/Library/Developer/CommandLineTools/usr/bin/c++   -isysroot /Library/Developer/CommandLineTools/SDKs/MacOSX10.15.sdk -fcolor-diagnostics   -v -Wl,-v -MD -MT CMakeFiles/cmTC_bade9.dir/CMakeCXXCompilerABI.cpp.o -MF CMakeFiles/cmTC_bade9.dir/CMakeCXXCompilerABI.cpp.o.d -o CMakeFiles/cmTC_bade9.dir/CMakeCXXCompilerABI.cpp.o -c /private/var/folders/3_/9d5vfl4x34v6_ss_xb52knt40000gn/T/AppTranslocation/EDDA0A2C-250A-4A5D-9DCF-4244CEC15A7D/d/CLion.app/Contents/bin/cmake/mac/share/cmake-3.25/Modules/CMakeCXXCompilerABI.cpp
Apple clang version 11.0.0 (clang-1100.0.33.8)
Target: x86_64-apple-darwin19.3.0
Thread model: posix
InstalledDir: /Library/Developer/CommandLineTools/usr/bin
clang: [0;1;35mwarning: [0m-Wl,-v: 'linker' input unused [-Wunused-command-line-argument][0m
 "/Library/Developer/CommandLineTools/usr/bin/clang" -cc1 -triple x86_64-apple-macosx10.15.0 -Wdeprecated-objc-isa-usage -Werror=deprecated-objc-isa-usage -emit-obj -mrelax-all -disable-free -disable-llvm-verifier -discard-value-names -main-file-name CMakeCXXCompilerABI.cpp -mrelocation-model pic -pic-level 2 -mthread-model posix -mdisable-fp-elim -fno-strict-return -masm-verbose -munwind-tables -target-sdk-version=10.15 -target-cpu penryn -dwarf-column-info -debugger-tuning=lldb -ggnu-pubnames -target-linker-version 512.4 -v -coverage-notes-file /Users/jiahuatang/CLionProjects/NetflixRepo2/cmake-build-debug/CMakeFiles/CMakeScratch/TryCompile-PZ2LuX/CMakeFiles/cmTC_bade9.dir/CMakeCXXCompilerABI.cpp.gcno -resource-dir /Library/Developer/CommandLineTools/usr/lib/clang/11.0.0 -dependency-file CMakeFiles/cmTC_bade9.dir/CMakeCXXCompilerABI.cpp.o.d -skip-unused-modulemap-deps -sys-header-deps -MT CMakeFiles/cmTC_bade9.dir/CMakeCXXCompilerABI.cpp.o -isysroot /Library/Developer/CommandLineTools/SDKs/MacOSX10.15.sdk -stdlib=libc++ -internal-isystem /Library/Developer/CommandLineTools/usr/bin/../include/c++/v1 -Wno-framework-include-private-from-public -Wno-atimport-in-framework-header -Wno-extra-semi-stmt -Wno-quoted-include-in-framework-header -fdeprecated-macro -fdebug-compilation-dir /Users/jiahuatang/CLionProjects/NetflixRepo2/cmake-build-debug/CMakeFiles/CMakeScratch/TryCompile-PZ2LuX -ferror-limit 19 -fmessage-length 0 -stack-protector 1 -fstack-check -mdarwin-stkchk-strong-link -fblocks -fencode-extended-block-signature -fregister-global-dtors-with-atexit -fobjc-runtime=macosx-10.15.0 -fcxx-exceptions -fexceptions -fmax-type-align=16 -fdiagnostics-show-option -fcolor-diagnostics -o CMakeFiles/cmTC_bade9.dir/CMakeCXXCompilerABI.cpp.o -x c++ /private/var/folders/3_/9d5vfl4x34v6_ss_xb52knt40000gn/T/AppTranslocation/EDDA0A2C-250A-4A5D-9DCF-4244CEC15A7D/d/CLion.app/Contents/bin/cmake/mac/share/cmake-3.25/Modules/CMakeCXXCompilerABI.cpp
clang -cc1 version 11.0.0 (clang-1100.0.33.8) default target x86_64-apple-darwin19.3.0
ignoring nonexistent directory "/Library/Developer/CommandLineTools/SDKs/MacOSX10.15.sdk/usr/include/c++/v1"
ignoring nonexistent directory "/Library/Developer/CommandLineTools/SDKs/MacOSX10.15.sdk/usr/local/include"
ignoring nonexistent directory "/Library/Developer/CommandLineTools/SDKs/MacOSX10.15.sdk/Library/Frameworks"
#include "..." search starts here:
#include <...> search starts here:
 /Library/Developer/CommandLineTools/usr/bin/../include/c++/v1
 /Library/Developer/CommandLineTools/usr/lib/clang/11.0.0/include
 /Library/Developer/CommandLineTools/usr/include
 /Library/Developer/CommandLineTools/SDKs/MacOSX10.15.sdk/usr/include
 /Library/Developer/CommandLineTools/SDKs/MacOSX10.15.sdk/System/Library/Frameworks (framework directory)
End of search list.
Linking CXX executable cmTC_bade9
/private/var/folders/3_/9d5vfl4x34v6_ss_xb52knt40000gn/T/AppTranslocation/EDDA0A2C-250A-4A5D-9DCF-4244CEC15A7D/d/CLion.app/Contents/bin/cmake/mac/bin/cmake -E cmake_link_script CMakeFiles/cmTC_bade9.dir/link.txt --verbose=1
/Library/Developer/CommandLineTools/usr/bin/c++  -isysroot /Library/Developer/CommandLineTools/SDKs/MacOSX10.15.sdk -Wl,-search_paths_first -Wl,-headerpad_max_install_names  -v -Wl,-v CMakeFiles/cmTC_bade9.dir/CMakeCXXCompilerABI.cpp.o -o cmTC_bade9 
Apple clang version 11.0.0 (clang-1100.0.33.8)
Target: x86_64-apple-darwin19.3.0
Thread model: posix
InstalledDir: /Library/Developer/CommandLineTools/usr/bin
 "/Library/Developer/CommandLineTools/usr/bin/ld" -demangle -lto_library /Library/Developer/CommandLineTools/usr/lib/libLTO.dylib -dynamic -arch x86_64 -macosx_version_min 10.15.0 -syslibroot /Library/Developer/CommandLineTools/SDKs/MacOSX10.15.sdk -o cmTC_bade9 -search_paths_first -headerpad_max_install_names -v CMakeFiles/cmTC_bade9.dir/CMakeCXXCompilerABI.cpp.o -lc++ -lSystem /Library/Developer/CommandLineTools/usr/lib/clang/11.0.0/lib/darwin/libclang_rt.osx.a
@(#)PROGRAM:ld  PROJECT:ld64-512.4
BUILD 05:06:53 Aug 16 2019
configured to support archs: armv6 armv7 armv7s arm64 arm64e arm64_32 i386 x86_64 x86_64h armv6m armv7k armv7m armv7em
Library search paths:
	/Library/Developer/CommandLineTools/SDKs/MacOSX10.15.sdk/usr/lib
Framework search paths:
	/Library/Developer/CommandLineTools/SDKs/MacOSX10.15.sdk/System/Library/Frameworks/



Parsed CXX implicit include dir info from above output: rv=loading
  found start of include info
  warn: unable to parse implicit include dirs!


Parsed CXX implicit link information from above output:
  link line regex: [^( *|.*[/\])(ld|CMAKE_LINK_STARTFILE-NOTFOUND|([^/\]+-)?ld|collect2)[^/\]*( |$)]
  ignore line: [Change Dir: /Users/jiahuatang/CLionProjects/NetflixRepo2/cmake-build-debug/CMakeFiles/CMakeScratch/TryCompile-PZ2LuX]
  ignore line: []
  ignore line: [Run Build Command(s):/usr/bin/make -f Makefile cmTC_bade9/fast && /Library/Developer/CommandLineTools/usr/bin/make  -f CMakeFiles/cmTC_bade9.dir/build.make CMakeFiles/cmTC_bade9.dir/build]
  ignore line: [Building CXX object CMakeFiles/cmTC_bade9.dir/CMakeCXXCompilerABI.cpp.o]
  ignore line: [/Library/Developer/CommandLineTools/usr/bin/c++   -isysroot /Library/Developer/CommandLineTools/SDKs/MacOSX10.15.sdk -fcolor-diagnostics   -v -Wl -v -MD -MT CMakeFiles/cmTC_bade9.dir/CMakeCXXCompilerABI.cpp.o -MF CMakeFiles/cmTC_bade9.dir/CMakeCXXCompilerABI.cpp.o.d -o CMakeFiles/cmTC_bade9.dir/CMakeCXXCompilerABI.cpp.o -c /private/var/folders/3_/9d5vfl4x34v6_ss_xb52knt40000gn/T/AppTranslocation/EDDA0A2C-250A-4A5D-9DCF-4244CEC15A7D/d/CLion.app/Contents/bin/cmake/mac/share/cmake-3.25/Modules/CMakeCXXCompilerABI.cpp]
  ignore line: [Apple clang version 11.0.0 (clang-1100.0.33.8)]
  ignore line: [Target: x86_64-apple-darwin19.3.0]
  ignore line: [Thread model: posix]
  ignore line: [InstalledDir: /Library/Developer/CommandLineTools/usr/bin]
  ignore line: [clang: [0;1;35mwarning: [0m-Wl,-v: 'linker' input unused [-Wunused-command-line-argument][0m; "/Library/Developer/CommandLineTools/usr/bin/clang" -cc1 -triple x86_64-apple-macosx10.15.0 -Wdeprecated-objc-isa-usage -Werror=deprecated-objc-isa-usage -emit-obj -mrelax-all -disable-free -disable-llvm-verifier -discard-value-names -main-file-name CMakeCXXCompilerABI.cpp -mrelocation-model pic -pic-level 2 -mthread-model posix -mdisable-fp-elim -fno-strict-return -masm-verbose -munwind-tables -target-sdk-version=10.15 -target-cpu penryn -dwarf-column-info -debugger-tuning=lldb -ggnu-pubnames -target-linker-version 512.4 -v -coverage-notes-file /Users/jiahuatang/CLionProjects/NetflixRepo2/cmake-build-debug/CMakeFiles/CMakeScratch/TryCompile-PZ2LuX/CMakeFiles/cmTC_bade9.dir/CMakeCXXCompilerABI.cpp.gcno -resource-dir /Library/Developer/CommandLineTools/usr/lib/clang/11.0.0 -dependency-file CMakeFiles/cmTC_bade9.dir/CMakeCXXCompilerABI.cpp.o.d -skip-unused-modulemap-deps -sys-header-deps -MT CMakeFiles/cmTC_bade9.dir/CMakeCXXCompilerABI.cpp.o -isysroot /Library/Developer/CommandLineTools/SDKs/MacOSX10.15.sdk -stdlib=libc++ -internal-isystem /Library/Developer/CommandLineTools/usr/bin/../include/c++/v1 -Wno-framework-include-private-from-public -Wno-atimport-in-framework-header -Wno-extra-semi-stmt -Wno-quoted-include-in-framework-header -fdeprecated-macro -fdebug-compilation-dir /Users/jiahuatang/CLionProjects/NetflixRepo2/cmake-build-debug/CMakeFiles/CMakeScratch/TryCompile-PZ2LuX -ferror-limit 19 -fmessage-length 0 -stack-protector 1 -fstack-check -mdarwin-stkchk-strong-link -fblocks -fencode-extended-block-signature -fregister-global-dtors-with-atexit -fobjc-runtime=macosx-10.15.0 -fcxx-exceptions -fexceptions -fmax-type-align=16 -fdiagnostics-show-option -fcolor-diagnostics -o CMakeFiles/cmTC_bade9.dir/CMakeCXXCompilerABI.cpp.o -x c++ /private/var/folders/3_/9d5vfl4x34v6_ss_xb52knt40000gn/T/AppTranslocation/EDDA0A2C-250A-4A5D-9DCF-4244CEC15A7D/d/CLion.app/Contents/bin/cmake/mac/share/cmake-3.25/Modules/CMakeCXXCompilerABI.cpp;clang -cc1 version 11.0.0 (clang-1100.0.33.8) default target x86_64-apple-darwin19.3.0;ignoring nonexistent directory "/Library/Developer/CommandLineTools/SDKs/MacOSX10.15.sdk/usr/include/c++/v1";ignoring nonexistent directory "/Library/Developer/CommandLineTools/SDKs/MacOSX10.15.sdk/usr/local/include";ignoring nonexistent directory "/Library/Developer/CommandLineTools/SDKs/MacOSX10.15.sdk/Library/Frameworks";#include "..." search starts here:;#include <...> search starts here:; /Library/Developer/CommandLineTools/usr/bin/../include/c++/v1; /Library/Developer/CommandLineTools/usr/lib/clang/11.0.0/include; /Library/Developer/CommandLineTools/usr/include; /Library/Developer/CommandLineTools/SDKs/MacOSX10.15.sdk/usr/include; /Library/Developer/CommandLineTools/SDKs/MacOSX10.15.sdk/System/Library/Frameworks (framework directory);End of search list.;Linking CXX executable cmTC_bade9;/private/var/folders/3_/9d5vfl4x34v6_ss_xb52knt40000gn/T/AppTranslocation/EDDA0A2C-250A-4A5D-9DCF-4244CEC15A7D/d/CLion.app/Contents/bin/cmake/mac/bin/cmake -E cmake_link_script CMakeFiles/cmTC_bade9.dir/link.txt --verbose=1;/Library/Developer/CommandLineTools/usr/bin/c++  -isysroot /Library/Developer/CommandLineTools/SDKs/MacOSX10.15.sdk -Wl,-search_paths_first -Wl,-headerpad_max_install_names  -v -Wl,-v CMakeFiles/cmTC_bade9.dir/CMakeCXXCompilerABI.cpp.o -o cmTC_bade9 ;Apple clang version 11.0.0 (clang-1100.0.33.8);Target: x86_64-apple-darwin19.3.0;Thread model: posix;InstalledDir: /Library/Developer/CommandLineTools/usr/bin; "/Library/Developer/CommandLineTools/usr/bin/ld" -demangle -lto_library /Library/Developer/CommandLineTools/usr/lib/libLTO.dylib -dynamic -arch x86_64 -macosx_version_min 10.15.0 -syslibroot /Library/Developer/CommandLineTools/SDKs/MacOSX10.15.sdk -o cmTC_bade9 -search_paths_first -headerpad_max_install_names -v CMakeFiles/cmTC_bade9.dir/CMakeCXXCompilerABI.cpp.o -lc++ -lSystem /Library/Developer/CommandLineTools/usr/lib/clang/11.0.0/lib/darwin/libclang_rt.osx.a;@(#)PROGRAM:ld  PROJECT:ld64-512.4;BUILD 05:06:53 Aug 16 2019;configured to support archs: armv6 armv7 armv7s arm64 arm64e arm64_32 i386 x86_64 x86_64h armv6m armv7k armv7m armv7em;Library search paths:;	/Library/Developer/CommandLineTools/SDKs/MacOSX10.15.sdk/usr/lib;Framework search paths:;	/Library/Developer/CommandLineTools/SDKs/MacOSX10.15.sdk/System/Library/Frameworks/;;]
  Library search paths: [;/Library/Developer/CommandLineTools/SDKs/MacOSX10.15.sdk/usr/lib]
  Framework search paths: [;/Library/Developer/CommandLineTools/SDKs/MacOSX10.15.sdk/System/Library/Frameworks/]
  collapse library dir [/Library/Developer/CommandLineTools/SDKs/MacOSX10.15.sdk/usr/lib] ==> [/Library/Developer/CommandLineTools/SDKs/MacOSX10.15.sdk/usr/lib]
  collapse framework dir [/Library/Developer/CommandLineTools/SDKs/MacOSX10.15.sdk/System/Library/Frameworks/] ==> [/Library/Developer/CommandLineTools/SDKs/MacOSX10.15.sdk/System/Library/Frameworks]
  implicit libs: []
  implicit objs: []
  implicit dirs: [/Library/Developer/CommandLineTools/SDKs/MacOSX10.15.sdk/usr/lib]
  implicit fwks: [/Library/Developer/CommandLineTools/SDKs/MacOSX10.15.sdk/System/Library/Frameworks]


